Using pre-set license

 COMMAND LINE ARGUMENTS:
/Applications/Unity/Hub/Editor/2020.3.5f1/Unity.app/Contents/MacOS/Unity
-adb2
-batchMode
-noUpm
-name
AssetImportWorker0
-projectPath
/Users/storm/Documents/unityProjects/flight-prototype/flight prototype
-logFile
Logs/AssetImportWorker0.log
-srvPort
60220
Successfully changed project path to: /Users/storm/Documents/unityProjects/flight-prototype/flight prototype
/Users/storm/Documents/unityProjects/flight-prototype/flight prototype
Using Asset Import Pipeline V2.
Refreshing native plugins compatible for Editor in 32.65 ms, found 2 plugins.
Preloading 0 native plugins for Editor in 0.00 ms.
Initialize engine version: 2020.3.5f1 (8095aa901b9b)
[Subsystems] Discovering subsystems at path /Applications/Unity/Hub/Editor/2020.3.5f1/Unity.app/Contents/Resources/UnitySubsystems
[Subsystems] Discovering subsystems at path /Users/storm/Documents/unityProjects/flight-prototype/flight prototype/Assets
GfxDevice: creating device client; threaded=0
2021-06-29 08:58:31.306 Unity[91850:4136516] Color LCD preferred device: AMD Radeon Pro 5600M (high power)
2021-06-29 08:58:31.306 Unity[91850:4136516] Metal devices available: 2
2021-06-29 08:58:31.306 Unity[91850:4136516] 0: AMD Radeon Pro 5600M (high power)
2021-06-29 08:58:31.306 Unity[91850:4136516] 1: Intel(R) UHD Graphics 630 (low power)
2021-06-29 08:58:31.307 Unity[91850:4136516] Using device AMD Radeon Pro 5600M (high power)
Initializing Metal device caps: AMD Radeon Pro 5600M
Initialize mono
Mono path[0] = '/Applications/Unity/Hub/Editor/2020.3.5f1/Unity.app/Contents/Managed'
Mono path[1] = '/Applications/Unity/Hub/Editor/2020.3.5f1/Unity.app/Contents/MonoBleedingEdge/lib/mono/unityjit'
Mono config path = '/Applications/Unity/Hub/Editor/2020.3.5f1/Unity.app/Contents/MonoBleedingEdge/etc'
Using monoOptions --debugger-agent=transport=dt_socket,embedding=1,server=y,suspend=n,address=127.0.0.1:56850
Begin MonoManager ReloadAssembly
Registering precompiled unity dll's ...
Register platform support module: /Applications/Unity/Hub/Editor/2020.3.5f1/PlaybackEngines/WebGLSupport/UnityEditor.WebGL.Extensions.dll
Register platform support module: /Applications/Unity/Hub/Editor/2020.3.5f1/Unity.app/Contents/PlaybackEngines/MacStandaloneSupport/UnityEditor.OSXStandalone.Extensions.dll
Registered in 0.000639 seconds.
Native extension for OSXStandalone target not found
Native extension for WebGL target not found
Refreshing native plugins compatible for Editor in 37.81 ms, found 2 plugins.
Preloading 0 native plugins for Editor in 0.00 ms.
Mono: successfully reloaded assembly
- Completed reload, in  3.212 seconds
Platform modules already initialized, skipping
Registering precompiled user dll's ...
Registered in 0.000441 seconds.
Begin MonoManager ReloadAssembly
Native extension for OSXStandalone target not found
Native extension for WebGL target not found
Refreshing native plugins compatible for Editor in 33.74 ms, found 2 plugins.
Preloading 0 native plugins for Editor in 0.00 ms.
Mono: successfully reloaded assembly
- Completed reload, in  1.032 seconds
Platform modules already initialized, skipping
========================================================================
Worker process is ready to serve import requests
Launching external process: /Applications/Unity/Hub/Editor/2020.3.5f1/Unity.app/Contents/Tools/UnityShaderCompiler
Launched and connected shader compiler UnityShaderCompiler after 0.01 seconds
Refreshing native plugins compatible for Editor in 0.59 ms, found 2 plugins.
Preloading 0 native plugins for Editor in 0.00 ms.
Unloading 1810 Unused Serialized files (Serialized files now loaded: 0)
System memory in use before: 150.5 MB.
System memory in use after: 150.5 MB.

Unloading 23 unused Assets to reduce memory usage. Loaded Objects now: 2258.
Total: 1.922145 ms (FindLiveObjects: 0.198312 ms CreateObjectMapping: 0.059349 ms MarkObjects: 1.566545 ms  DeleteObjects: 0.097265 ms)

========================================================================
Received Import Request.
  path: Assets/Sprites/Sprite-0001-Sheet.png
  artifactKey: Guid(5a07dffa8edf540058cf22e20fc9c506) Importer(815301076,1909f56bfc062723c751e8b465ee728b)
Start importing Assets/Sprites/Sprite-0001-Sheet.png using Guid(5a07dffa8edf540058cf22e20fc9c506) Importer(815301076,1909f56bfc062723c751e8b465ee728b)  -> (artifact id: '82e893845d8eefb477359b4e338527b5') in 1.024687 seconds
  Import took 1.027475 seconds .

========================================================================
Received Import Request.
  Time since last request: 5.276028 seconds.
  path: Assets/Sprites/Sprite-0001-Sheet.png
  artifactKey: Guid(5a07dffa8edf540058cf22e20fc9c506) Importer(815301076,1909f56bfc062723c751e8b465ee728b)
Start importing Assets/Sprites/Sprite-0001-Sheet.png using Guid(5a07dffa8edf540058cf22e20fc9c506) Importer(815301076,1909f56bfc062723c751e8b465ee728b)  -> (artifact id: 'b8fa2ff781253a2eed5d691dffad2814') in 0.051304 seconds
  Import took 0.054047 seconds .

========================================================================
Received Import Request.
  Time since last request: 63.281751 seconds.
  path: Assets/Sprites/Sprite-0001-Sheet.png
  artifactKey: Guid(5a07dffa8edf540058cf22e20fc9c506) Importer(815301076,1909f56bfc062723c751e8b465ee728b)
Start importing Assets/Sprites/Sprite-0001-Sheet.png using Guid(5a07dffa8edf540058cf22e20fc9c506) Importer(815301076,1909f56bfc062723c751e8b465ee728b)  -> (artifact id: '9985ab84a7f7de6043bdad4ad3d92354') in 0.022599 seconds
  Import took 0.025418 seconds .

========================================================================
Received Prepare
Registering precompiled user dll's ...
Registered in 0.000588 seconds.
Begin MonoManager ReloadAssembly
Native extension for OSXStandalone target not found
Native extension for WebGL target not found
Refreshing native plugins compatible for Editor in 0.34 ms, found 2 plugins.
Preloading 0 native plugins for Editor in 0.00 ms.
Mono: successfully reloaded assembly
- Completed reload, in  0.886 seconds
Platform modules already initialized, skipping
Refreshing native plugins compatible for Editor in 0.70 ms, found 2 plugins.
Preloading 0 native plugins for Editor in 0.00 ms.
Unloading 1804 Unused Serialized files (Serialized files now loaded: 0)
System memory in use before: 158.9 MB.
System memory in use after: 159.0 MB.

Unloading 11 unused Assets to reduce memory usage. Loaded Objects now: 2271.
Total: 1.829496 ms (FindLiveObjects: 0.181852 ms CreateObjectMapping: 0.062807 ms MarkObjects: 1.511256 ms  DeleteObjects: 0.072584 ms)

========================================================================
Received Import Request.
  Time since last request: 1152.063668 seconds.
  path: Assets/Animation/BulletAnimation.anim
  artifactKey: Guid(a9321b77712d64b1c8ca0ac8b7056d9f) Importer(815301076,1909f56bfc062723c751e8b465ee728b)
Start importing Assets/Animation/BulletAnimation.anim using Guid(a9321b77712d64b1c8ca0ac8b7056d9f) Importer(815301076,1909f56bfc062723c751e8b465ee728b)  -> (artifact id: 'f035e653c8fa737b9a014a45561c6545') in 1.060831 seconds
  Import took 1.063738 seconds .

========================================================================
Received Prepare
Registering precompiled user dll's ...
Registered in 0.000447 seconds.
Begin MonoManager ReloadAssembly
Native extension for OSXStandalone target not found
Native extension for WebGL target not found
Refreshing native plugins compatible for Editor in 0.31 ms, found 2 plugins.
Preloading 0 native plugins for Editor in 0.00 ms.
Mono: successfully reloaded assembly
- Completed reload, in  0.854 seconds
Platform modules already initialized, skipping
Refreshing native plugins compatible for Editor in 0.27 ms, found 2 plugins.
Preloading 0 native plugins for Editor in 0.00 ms.
Unloading 1804 Unused Serialized files (Serialized files now loaded: 0)
System memory in use before: 163.4 MB.
System memory in use after: 163.5 MB.

Unloading 11 unused Assets to reduce memory usage. Loaded Objects now: 2275.
Total: 1.640527 ms (FindLiveObjects: 0.272017 ms CreateObjectMapping: 0.052514 ms MarkObjects: 1.253926 ms  DeleteObjects: 0.061484 ms)

========================================================================
Received Prepare
Registering precompiled user dll's ...
Registered in 0.000607 seconds.
Begin MonoManager ReloadAssembly
Native extension for OSXStandalone target not found
Native extension for WebGL target not found
Refreshing native plugins compatible for Editor in 0.31 ms, found 2 plugins.
Preloading 0 native plugins for Editor in 0.00 ms.
Mono: successfully reloaded assembly
- Completed reload, in  0.894 seconds
Platform modules already initialized, skipping
Refreshing native plugins compatible for Editor in 0.23 ms, found 2 plugins.
Preloading 0 native plugins for Editor in 0.00 ms.
Unloading 1804 Unused Serialized files (Serialized files now loaded: 0)
System memory in use before: 163.7 MB.
System memory in use after: 163.7 MB.

Unloading 11 unused Assets to reduce memory usage. Loaded Objects now: 2279.
Total: 1.916925 ms (FindLiveObjects: 0.270429 ms CreateObjectMapping: 0.058470 ms MarkObjects: 1.501261 ms  DeleteObjects: 0.085705 ms)

========================================================================
Received Import Request.
  Time since last request: 1436.333334 seconds.
  path: Assets/Sprites/OkayBullet-Sheet.png
  artifactKey: Guid(1f6241b75ce714a989c1998797a5b889) Importer(815301076,1909f56bfc062723c751e8b465ee728b)
Start importing Assets/Sprites/OkayBullet-Sheet.png using Guid(1f6241b75ce714a989c1998797a5b889) Importer(815301076,1909f56bfc062723c751e8b465ee728b)  -> (artifact id: '9420c97f306fb3c284e37353aa9d4239') in 0.054384 seconds
  Import took 0.057448 seconds .

========================================================================
Received Import Request.
  Time since last request: 6.151051 seconds.
  path: Assets/Sprites/OkayBullet-Sheet.png
  artifactKey: Guid(1f6241b75ce714a989c1998797a5b889) Importer(815301076,1909f56bfc062723c751e8b465ee728b)
Start importing Assets/Sprites/OkayBullet-Sheet.png using Guid(1f6241b75ce714a989c1998797a5b889) Importer(815301076,1909f56bfc062723c751e8b465ee728b)  -> (artifact id: '8b81ad50fe1bbfbfc4bd4daf9145817f') in 0.004918 seconds
  Import took 0.007729 seconds .

========================================================================
Received Import Request.
  Time since last request: 9.626585 seconds.
  path: Assets/Sprites/OkayBullet-Sheet.png
  artifactKey: Guid(1f6241b75ce714a989c1998797a5b889) Importer(815301076,1909f56bfc062723c751e8b465ee728b)
Start importing Assets/Sprites/OkayBullet-Sheet.png using Guid(1f6241b75ce714a989c1998797a5b889) Importer(815301076,1909f56bfc062723c751e8b465ee728b)  -> (artifact id: '163c1159b423fafae0a3d0150b33d307') in 0.019557 seconds
  Import took 0.022333 seconds .

========================================================================
Received Import Request.
  Time since last request: 10.201460 seconds.
  path: Assets/Animation
  artifactKey: Guid(037d67b0746844d639ea893e94583d6c) Importer(815301076,1909f56bfc062723c751e8b465ee728b)
Start importing Assets/Animation using Guid(037d67b0746844d639ea893e94583d6c) Importer(815301076,1909f56bfc062723c751e8b465ee728b)  -> (artifact id: '8c0944925502bafdf804a32b816838ca') in 0.001153 seconds
  Import took 0.004236 seconds .

========================================================================
Received Import Request.
  Time since last request: 0.000411 seconds.
  path: Assets/Animation
  artifactKey: Guid(037d67b0746844d639ea893e94583d6c) Importer(815301076,1909f56bfc062723c751e8b465ee728b)
Start importing Assets/Animation using Guid(037d67b0746844d639ea893e94583d6c) Importer(815301076,1909f56bfc062723c751e8b465ee728b)  -> (artifact id: '8c0944925502bafdf804a32b816838ca') in 0.000886 seconds
  Import took 0.003515 seconds .

========================================================================
Received Prepare
Registering precompiled user dll's ...
Registered in 0.000542 seconds.
Begin MonoManager ReloadAssembly
Native extension for OSXStandalone target not found
Native extension for WebGL target not found
Refreshing native plugins compatible for Editor in 0.31 ms, found 2 plugins.
Preloading 0 native plugins for Editor in 0.00 ms.
Mono: successfully reloaded assembly
- Completed reload, in  0.854 seconds
Platform modules already initialized, skipping
Refreshing native plugins compatible for Editor in 0.30 ms, found 2 plugins.
Preloading 0 native plugins for Editor in 0.00 ms.
Unloading 1804 Unused Serialized files (Serialized files now loaded: 0)
System memory in use before: 164.1 MB.
System memory in use after: 164.1 MB.

Unloading 11 unused Assets to reduce memory usage. Loaded Objects now: 2286.
Total: 1.785304 ms (FindLiveObjects: 0.303989 ms CreateObjectMapping: 0.049465 ms MarkObjects: 1.365804 ms  DeleteObjects: 0.065467 ms)

========================================================================
Received Prepare
Registering precompiled user dll's ...
Registered in 0.000604 seconds.
Begin MonoManager ReloadAssembly
Native extension for OSXStandalone target not found
Native extension for WebGL target not found
Refreshing native plugins compatible for Editor in 0.43 ms, found 2 plugins.
Preloading 0 native plugins for Editor in 0.00 ms.
Mono: successfully reloaded assembly
- Completed reload, in  0.910 seconds
Platform modules already initialized, skipping
Refreshing native plugins compatible for Editor in 0.35 ms, found 2 plugins.
Preloading 0 native plugins for Editor in 0.00 ms.
Unloading 1804 Unused Serialized files (Serialized files now loaded: 0)
System memory in use before: 164.3 MB.
System memory in use after: 164.3 MB.

Unloading 11 unused Assets to reduce memory usage. Loaded Objects now: 2290.
Total: 1.964128 ms (FindLiveObjects: 0.192491 ms CreateObjectMapping: 0.057817 ms MarkObjects: 1.637420 ms  DeleteObjects: 0.075687 ms)

========================================================================
Received Prepare
Registering precompiled user dll's ...
Registered in 0.000638 seconds.
Begin MonoManager ReloadAssembly
Native extension for OSXStandalone target not found
Native extension for WebGL target not found
Refreshing native plugins compatible for Editor in 0.31 ms, found 2 plugins.
Preloading 0 native plugins for Editor in 0.00 ms.
Mono: successfully reloaded assembly
- Completed reload, in  0.941 seconds
Platform modules already initialized, skipping
Refreshing native plugins compatible for Editor in 0.34 ms, found 2 plugins.
Preloading 0 native plugins for Editor in 0.00 ms.
Unloading 1804 Unused Serialized files (Serialized files now loaded: 0)
System memory in use before: 164.5 MB.
System memory in use after: 164.5 MB.

Unloading 11 unused Assets to reduce memory usage. Loaded Objects now: 2294.
Total: 1.886878 ms (FindLiveObjects: 0.168506 ms CreateObjectMapping: 0.061126 ms MarkObjects: 1.568898 ms  DeleteObjects: 0.087596 ms)

========================================================================
Received Import Request.
  Time since last request: 188.480406 seconds.
  path: Assets/Sprites/Projectiles
  artifactKey: Guid(322e339cbab63424984ecaf8ec59516c) Importer(815301076,1909f56bfc062723c751e8b465ee728b)
Start importing Assets/Sprites/Projectiles using Guid(322e339cbab63424984ecaf8ec59516c) Importer(815301076,1909f56bfc062723c751e8b465ee728b)  -> (artifact id: '361b91a31afe32003efa4d7012d23592') in 0.003793 seconds
  Import took 0.006930 seconds .

========================================================================
Received Import Request.
  Time since last request: 13.537996 seconds.
  path: Assets/Sprites/Background
  artifactKey: Guid(a6cb429981ac34759a53b5a142b997ed) Importer(815301076,1909f56bfc062723c751e8b465ee728b)
Start importing Assets/Sprites/Background using Guid(a6cb429981ac34759a53b5a142b997ed) Importer(815301076,1909f56bfc062723c751e8b465ee728b)  -> (artifact id: '7e899d61517807e1f95d68f84758c958') in 0.001654 seconds
  Import took 0.004558 seconds .

========================================================================
Received Import Request.
  Time since last request: 4.104548 seconds.
  path: Assets/Sprites/Stars Small_1.png
  artifactKey: Guid(efe6ce32a6a4408489775c70e5d32f11) Importer(815301076,1909f56bfc062723c751e8b465ee728b)
Start importing Assets/Sprites/Stars Small_1.png using Guid(efe6ce32a6a4408489775c70e5d32f11) Importer(815301076,1909f56bfc062723c751e8b465ee728b)  -> (artifact id: '2f620720150dbf6aebb7715322fd9581') in 0.065756 seconds
  Import took 0.070856 seconds .

========================================================================
Received Import Request.
  Time since last request: 4.507018 seconds.
  path: Assets/Sprites/Materials
  artifactKey: Guid(e696a45d839c342d1b942ae38eba088e) Importer(815301076,1909f56bfc062723c751e8b465ee728b)
Start importing Assets/Sprites/Materials using Guid(e696a45d839c342d1b942ae38eba088e) Importer(815301076,1909f56bfc062723c751e8b465ee728b)  -> (artifact id: '16b8923e0a6f2ac86dc8bf9a67228660') in 0.001048 seconds
  Import took 0.004074 seconds .

========================================================================
Received Import Request.
  Time since last request: 103.734424 seconds.
  path: Assets/Prefabs/Bullet.prefab
  artifactKey: Guid(e872daf4ce69e4afbbb4b8150cd5ef50) Importer(815301076,1909f56bfc062723c751e8b465ee728b)
Start importing Assets/Prefabs/Bullet.prefab using Guid(e872daf4ce69e4afbbb4b8150cd5ef50) Importer(815301076,1909f56bfc062723c751e8b465ee728b)  -> (artifact id: 'f1b5f4939835797fa65316daa68b26b0') in 0.329201 seconds
  Import took 0.332137 seconds .

========================================================================
Received Import Request.
  Time since last request: 35.093481 seconds.
  path: Assets/Scripts/PlayerBulletController.cs
  artifactKey: Guid(c6959cb50717d40b898158e3a1be3fe6) Importer(815301076,1909f56bfc062723c751e8b465ee728b)
Start importing Assets/Scripts/PlayerBulletController.cs using Guid(c6959cb50717d40b898158e3a1be3fe6) Importer(815301076,1909f56bfc062723c751e8b465ee728b)  -> (artifact id: '42962056bc99c1569876327bad74a13d') in 0.303256 seconds
  Import took 0.305889 seconds .

========================================================================
Received Prepare
Registering precompiled user dll's ...
Registered in 0.000541 seconds.
Begin MonoManager ReloadAssembly
Native extension for OSXStandalone target not found
Native extension for WebGL target not found
Refreshing native plugins compatible for Editor in 0.37 ms, found 2 plugins.
Preloading 0 native plugins for Editor in 0.00 ms.
Mono: successfully reloaded assembly
- Completed reload, in  0.924 seconds
Platform modules already initialized, skipping
Refreshing native plugins compatible for Editor in 0.39 ms, found 2 plugins.
Preloading 0 native plugins for Editor in 0.00 ms.
Unloading 1805 Unused Serialized files (Serialized files now loaded: 0)
System memory in use before: 173.3 MB.
System memory in use after: 173.4 MB.

Unloading 11 unused Assets to reduce memory usage. Loaded Objects now: 2305.
Total: 1.815538 ms (FindLiveObjects: 0.178398 ms CreateObjectMapping: 0.059330 ms MarkObjects: 1.493899 ms  DeleteObjects: 0.083092 ms)

========================================================================
Received Prepare
Registering precompiled user dll's ...
Registered in 0.000582 seconds.
Begin MonoManager ReloadAssembly
Native extension for OSXStandalone target not found
Native extension for WebGL target not found
Refreshing native plugins compatible for Editor in 0.31 ms, found 2 plugins.
Preloading 0 native plugins for Editor in 0.00 ms.
Mono: successfully reloaded assembly
- Completed reload, in  0.857 seconds
Platform modules already initialized, skipping
Refreshing native plugins compatible for Editor in 0.38 ms, found 2 plugins.
Preloading 0 native plugins for Editor in 0.00 ms.
Unloading 1805 Unused Serialized files (Serialized files now loaded: 0)
System memory in use before: 173.5 MB.
System memory in use after: 173.6 MB.

Unloading 11 unused Assets to reduce memory usage. Loaded Objects now: 2309.
Total: 1.960595 ms (FindLiveObjects: 0.202407 ms CreateObjectMapping: 0.058369 ms MarkObjects: 1.611985 ms  DeleteObjects: 0.086780 ms)

========================================================================
Received Prepare
Registering precompiled user dll's ...
Registered in 0.000628 seconds.
Begin MonoManager ReloadAssembly
Native extension for OSXStandalone target not found
Native extension for WebGL target not found
Refreshing native plugins compatible for Editor in 0.31 ms, found 2 plugins.
Preloading 0 native plugins for Editor in 0.00 ms.
Mono: successfully reloaded assembly
- Completed reload, in  0.907 seconds
Platform modules already initialized, skipping
Refreshing native plugins compatible for Editor in 0.37 ms, found 2 plugins.
Preloading 0 native plugins for Editor in 0.00 ms.
Unloading 1804 Unused Serialized files (Serialized files now loaded: 0)
System memory in use before: 173.9 MB.
System memory in use after: 174.0 MB.

Unloading 12 unused Assets to reduce memory usage. Loaded Objects now: 2312.
Total: 2.103570 ms (FindLiveObjects: 0.219846 ms CreateObjectMapping: 0.068430 ms MarkObjects: 1.737976 ms  DeleteObjects: 0.076592 ms)

========================================================================
Received Import Request.
  Time since last request: 162.824206 seconds.
  path: Assets/Prefabs/Enemy 1 (Pawn).prefab
  artifactKey: Guid(f480404c2d85f45f19ea8c855d51ee19) Importer(815301076,1909f56bfc062723c751e8b465ee728b)
Start importing Assets/Prefabs/Enemy 1 (Pawn).prefab using Guid(f480404c2d85f45f19ea8c855d51ee19) Importer(815301076,1909f56bfc062723c751e8b465ee728b)  -> (artifact id: '33c6a35c55d7529c355c15170cc4f1cf') in 0.060767 seconds
  Import took 0.063641 seconds .

========================================================================
Received Import Request.
  Time since last request: 0.390128 seconds.
  path: Assets/Prefabs/Bullet.prefab
  artifactKey: Guid(e872daf4ce69e4afbbb4b8150cd5ef50) Importer(815301076,1909f56bfc062723c751e8b465ee728b)
Start importing Assets/Prefabs/Bullet.prefab using Guid(e872daf4ce69e4afbbb4b8150cd5ef50) Importer(815301076,1909f56bfc062723c751e8b465ee728b)  -> (artifact id: '845401dcd56c7ac9db6f1a440debb338') in 0.011458 seconds
  Import took 0.015021 seconds .

========================================================================
Received Import Request.
  Time since last request: 47.428450 seconds.
  path: Assets/Scripts/Player/PlayerProjectileController.cs
  artifactKey: Guid(4de7b83ce35f347448e17041ee459e29) Importer(815301076,1909f56bfc062723c751e8b465ee728b)
Start importing Assets/Scripts/Player/PlayerProjectileController.cs using Guid(4de7b83ce35f347448e17041ee459e29) Importer(815301076,1909f56bfc062723c751e8b465ee728b)  -> (artifact id: '84b28fdd129650568f5ff4616a088052') in 0.004173 seconds
  Import took 0.007052 seconds .

========================================================================
Received Prepare
Registering precompiled user dll's ...
Registered in 0.000422 seconds.
Begin MonoManager ReloadAssembly
Native extension for OSXStandalone target not found
Native extension for WebGL target not found
Refreshing native plugins compatible for Editor in 0.43 ms, found 2 plugins.
Preloading 0 native plugins for Editor in 0.00 ms.
Mono: successfully reloaded assembly
- Completed reload, in  0.909 seconds
Platform modules already initialized, skipping
Refreshing native plugins compatible for Editor in 0.28 ms, found 2 plugins.
Preloading 0 native plugins for Editor in 0.00 ms.
Unloading 1805 Unused Serialized files (Serialized files now loaded: 0)
System memory in use before: 174.2 MB.
System memory in use after: 174.2 MB.

Unloading 11 unused Assets to reduce memory usage. Loaded Objects now: 2318.
Total: 2.058585 ms (FindLiveObjects: 0.215078 ms CreateObjectMapping: 0.063590 ms MarkObjects: 1.683180 ms  DeleteObjects: 0.095556 ms)

========================================================================
Received Prepare
Registering precompiled user dll's ...
Registered in 0.000757 seconds.
Begin MonoManager ReloadAssembly
Native extension for OSXStandalone target not found
Native extension for WebGL target not found
Refreshing native plugins compatible for Editor in 0.34 ms, found 2 plugins.
Preloading 0 native plugins for Editor in 0.00 ms.
Mono: successfully reloaded assembly
- Completed reload, in  0.887 seconds
Platform modules already initialized, skipping
Refreshing native plugins compatible for Editor in 0.25 ms, found 2 plugins.
Preloading 0 native plugins for Editor in 0.00 ms.
Unloading 1805 Unused Serialized files (Serialized files now loaded: 0)
System memory in use before: 174.4 MB.
System memory in use after: 174.4 MB.

Unloading 11 unused Assets to reduce memory usage. Loaded Objects now: 2322.
Total: 1.901040 ms (FindLiveObjects: 0.216832 ms CreateObjectMapping: 0.055924 ms MarkObjects: 1.539680 ms  DeleteObjects: 0.087562 ms)

========================================================================
Received Prepare
Registering precompiled user dll's ...
Registered in 0.000707 seconds.
Begin MonoManager ReloadAssembly
Native extension for OSXStandalone target not found
Native extension for WebGL target not found
Refreshing native plugins compatible for Editor in 0.34 ms, found 2 plugins.
Preloading 0 native plugins for Editor in 0.00 ms.
Mono: successfully reloaded assembly
- Completed reload, in  0.906 seconds
Platform modules already initialized, skipping
Refreshing native plugins compatible for Editor in 0.23 ms, found 2 plugins.
Preloading 0 native plugins for Editor in 0.00 ms.
Unloading 1805 Unused Serialized files (Serialized files now loaded: 0)
System memory in use before: 174.7 MB.
System memory in use after: 174.7 MB.

Unloading 11 unused Assets to reduce memory usage. Loaded Objects now: 2326.
Total: 1.740783 ms (FindLiveObjects: 0.159716 ms CreateObjectMapping: 0.053262 ms MarkObjects: 1.456837 ms  DeleteObjects: 0.070241 ms)

========================================================================
Received Prepare
Registering precompiled user dll's ...
Registered in 0.000589 seconds.
Begin MonoManager ReloadAssembly
Native extension for OSXStandalone target not found
Native extension for WebGL target not found
Refreshing native plugins compatible for Editor in 0.31 ms, found 2 plugins.
Preloading 0 native plugins for Editor in 0.00 ms.
Mono: successfully reloaded assembly
- Completed reload, in  0.904 seconds
Platform modules already initialized, skipping
Refreshing native plugins compatible for Editor in 0.26 ms, found 2 plugins.
Preloading 0 native plugins for Editor in 0.00 ms.
Unloading 1805 Unused Serialized files (Serialized files now loaded: 0)
System memory in use before: 174.8 MB.
System memory in use after: 174.9 MB.

Unloading 11 unused Assets to reduce memory usage. Loaded Objects now: 2330.
Total: 2.111857 ms (FindLiveObjects: 0.237355 ms CreateObjectMapping: 0.072189 ms MarkObjects: 1.712067 ms  DeleteObjects: 0.088940 ms)

========================================================================
Received Import Request.
  Time since last request: 103.839561 seconds.
  path: Assets/Prefabs/Bullet.prefab
  artifactKey: Guid(e872daf4ce69e4afbbb4b8150cd5ef50) Importer(815301076,1909f56bfc062723c751e8b465ee728b)
Start importing Assets/Prefabs/Bullet.prefab using Guid(e872daf4ce69e4afbbb4b8150cd5ef50) Importer(815301076,1909f56bfc062723c751e8b465ee728b)  -> (artifact id: '09d0a624c81800895c31f9e6b58ab138') in 0.060399 seconds
  Import took 0.063759 seconds .

========================================================================
Received Prepare
Registering precompiled user dll's ...
Registered in 0.000619 seconds.
Begin MonoManager ReloadAssembly
Native extension for OSXStandalone target not found
Native extension for WebGL target not found
Refreshing native plugins compatible for Editor in 0.48 ms, found 2 plugins.
Preloading 0 native plugins for Editor in 0.00 ms.
Mono: successfully reloaded assembly
- Completed reload, in  0.923 seconds
Platform modules already initialized, skipping
Refreshing native plugins compatible for Editor in 0.32 ms, found 2 plugins.
Preloading 0 native plugins for Editor in 0.00 ms.
Unloading 1805 Unused Serialized files (Serialized files now loaded: 0)
System memory in use before: 175.1 MB.
System memory in use after: 175.1 MB.

Unloading 11 unused Assets to reduce memory usage. Loaded Objects now: 2335.
Total: 1.804626 ms (FindLiveObjects: 0.171084 ms CreateObjectMapping: 0.056548 ms MarkObjects: 1.497447 ms  DeleteObjects: 0.078721 ms)

========================================================================
Received Import Request.
  Time since last request: 118.406858 seconds.
  path: Assets/Scripts/Player/PlayerProjectileController.cs
  artifactKey: Guid(4de7b83ce35f347448e17041ee459e29) Importer(815301076,1909f56bfc062723c751e8b465ee728b)
Start importing Assets/Scripts/Player/PlayerProjectileController.cs using Guid(4de7b83ce35f347448e17041ee459e29) Importer(815301076,1909f56bfc062723c751e8b465ee728b)  -> (artifact id: '5ff0e64cab6b6635271b691e1c218fe6') in 0.005381 seconds
  Import took 0.008352 seconds .

========================================================================
Received Import Request.
  Time since last request: 1.291731 seconds.
  path: Assets/Scripts/Player/PlayerController.cs
  artifactKey: Guid(80a75dd669a6c48d5bf350f5d906d046) Importer(815301076,1909f56bfc062723c751e8b465ee728b)
Start importing Assets/Scripts/Player/PlayerController.cs using Guid(80a75dd669a6c48d5bf350f5d906d046) Importer(815301076,1909f56bfc062723c751e8b465ee728b)  -> (artifact id: '730163daa83f11de19f81b1c101797cf') in 0.003587 seconds
  Import took 0.006647 seconds .

========================================================================
Received Import Request.
  Time since last request: 0.030139 seconds.
  path: Assets/Scripts/Player/PlayerController.cs
  artifactKey: Guid(80a75dd669a6c48d5bf350f5d906d046) Importer(815301076,1909f56bfc062723c751e8b465ee728b)
Start importing Assets/Scripts/Player/PlayerController.cs using Guid(80a75dd669a6c48d5bf350f5d906d046) Importer(815301076,1909f56bfc062723c751e8b465ee728b)  -> (artifact id: '730163daa83f11de19f81b1c101797cf') in 0.002890 seconds
  Import took 0.005510 seconds .

========================================================================
Received Import Request.
  Time since last request: 12.804132 seconds.
  path: Assets/Prefabs/Bullet.prefab
  artifactKey: Guid(e872daf4ce69e4afbbb4b8150cd5ef50) Importer(815301076,1909f56bfc062723c751e8b465ee728b)
Start importing Assets/Prefabs/Bullet.prefab using Guid(e872daf4ce69e4afbbb4b8150cd5ef50) Importer(815301076,1909f56bfc062723c751e8b465ee728b)  -> (artifact id: '6f4c7f15d700922f46fa3fb185b1f13c') in 0.060513 seconds
  Import took 0.063550 seconds .

========================================================================
Received Prepare
Registering precompiled user dll's ...
Registered in 0.000606 seconds.
Begin MonoManager ReloadAssembly
Native extension for OSXStandalone target not found
Native extension for WebGL target not found
Refreshing native plugins compatible for Editor in 0.29 ms, found 2 plugins.
Preloading 0 native plugins for Editor in 0.00 ms.
Mono: successfully reloaded assembly
- Completed reload, in  0.848 seconds
Platform modules already initialized, skipping
Refreshing native plugins compatible for Editor in 0.29 ms, found 2 plugins.
Preloading 0 native plugins for Editor in 0.00 ms.
Unloading 1805 Unused Serialized files (Serialized files now loaded: 0)
System memory in use before: 175.3 MB.
System memory in use after: 175.4 MB.

Unloading 11 unused Assets to reduce memory usage. Loaded Objects now: 2340.
Total: 1.791965 ms (FindLiveObjects: 0.297008 ms CreateObjectMapping: 0.048618 ms MarkObjects: 1.378480 ms  DeleteObjects: 0.067230 ms)

========================================================================
Received Prepare
Registering precompiled user dll's ...
Registered in 0.000586 seconds.
Begin MonoManager ReloadAssembly
Native extension for OSXStandalone target not found
Native extension for WebGL target not found
Refreshing native plugins compatible for Editor in 0.31 ms, found 2 plugins.
Preloading 0 native plugins for Editor in 0.00 ms.
Mono: successfully reloaded assembly
- Completed reload, in  0.910 seconds
Platform modules already initialized, skipping
Refreshing native plugins compatible for Editor in 0.28 ms, found 2 plugins.
Preloading 0 native plugins for Editor in 0.00 ms.
Unloading 1805 Unused Serialized files (Serialized files now loaded: 0)
System memory in use before: 175.6 MB.
System memory in use after: 175.6 MB.

Unloading 11 unused Assets to reduce memory usage. Loaded Objects now: 2344.
Total: 1.899012 ms (FindLiveObjects: 0.208833 ms CreateObjectMapping: 0.058356 ms MarkObjects: 1.544203 ms  DeleteObjects: 0.086562 ms)

========================================================================
Received Prepare
Registering precompiled user dll's ...
Registered in 0.000583 seconds.
Begin MonoManager ReloadAssembly
Native extension for OSXStandalone target not found
Native extension for WebGL target not found
Refreshing native plugins compatible for Editor in 0.70 ms, found 2 plugins.
Preloading 0 native plugins for Editor in 0.00 ms.
Mono: successfully reloaded assembly
- Completed reload, in  0.851 seconds
Platform modules already initialized, skipping
Refreshing native plugins compatible for Editor in 0.29 ms, found 2 plugins.
Preloading 0 native plugins for Editor in 0.00 ms.
Unloading 1805 Unused Serialized files (Serialized files now loaded: 0)
System memory in use before: 175.8 MB.
System memory in use after: 175.8 MB.

Unloading 11 unused Assets to reduce memory usage. Loaded Objects now: 2348.
Total: 1.923739 ms (FindLiveObjects: 0.242244 ms CreateObjectMapping: 0.047529 ms MarkObjects: 1.565486 ms  DeleteObjects: 0.067830 ms)

========================================================================
Received Prepare
Registering precompiled user dll's ...
Registered in 0.000613 seconds.
Begin MonoManager ReloadAssembly
Native extension for OSXStandalone target not found
Native extension for WebGL target not found
Refreshing native plugins compatible for Editor in 0.31 ms, found 2 plugins.
Preloading 0 native plugins for Editor in 0.00 ms.
Mono: successfully reloaded assembly
- Completed reload, in  0.850 seconds
Platform modules already initialized, skipping
Refreshing native plugins compatible for Editor in 0.29 ms, found 2 plugins.
Preloading 0 native plugins for Editor in 0.00 ms.
Unloading 1805 Unused Serialized files (Serialized files now loaded: 0)
System memory in use before: 176.0 MB.
System memory in use after: 176.0 MB.

Unloading 11 unused Assets to reduce memory usage. Loaded Objects now: 2352.
Total: 1.740214 ms (FindLiveObjects: 0.245031 ms CreateObjectMapping: 0.046119 ms MarkObjects: 1.378614 ms  DeleteObjects: 0.069821 ms)

========================================================================
Received Prepare
Registering precompiled user dll's ...
Registered in 0.000595 seconds.
Begin MonoManager ReloadAssembly
Native extension for OSXStandalone target not found
Native extension for WebGL target not found
Refreshing native plugins compatible for Editor in 0.38 ms, found 2 plugins.
Preloading 0 native plugins for Editor in 0.00 ms.
Mono: successfully reloaded assembly
- Completed reload, in  0.940 seconds
Platform modules already initialized, skipping
Refreshing native plugins compatible for Editor in 0.31 ms, found 2 plugins.
Preloading 0 native plugins for Editor in 0.00 ms.
Unloading 1805 Unused Serialized files (Serialized files now loaded: 0)
System memory in use before: 176.2 MB.
System memory in use after: 176.2 MB.

Unloading 11 unused Assets to reduce memory usage. Loaded Objects now: 2356.
Total: 1.991050 ms (FindLiveObjects: 0.212917 ms CreateObjectMapping: 0.052181 ms MarkObjects: 1.630836 ms  DeleteObjects: 0.094417 ms)

========================================================================
Received Prepare
Registering precompiled user dll's ...
Registered in 0.000583 seconds.
Begin MonoManager ReloadAssembly
Native extension for OSXStandalone target not found
Native extension for WebGL target not found
Refreshing native plugins compatible for Editor in 0.32 ms, found 2 plugins.
Preloading 0 native plugins for Editor in 0.00 ms.
Mono: successfully reloaded assembly
- Completed reload, in  0.946 seconds
Platform modules already initialized, skipping
Refreshing native plugins compatible for Editor in 0.27 ms, found 2 plugins.
Preloading 0 native plugins for Editor in 0.00 ms.
Unloading 1805 Unused Serialized files (Serialized files now loaded: 0)
System memory in use before: 176.4 MB.
System memory in use after: 176.4 MB.

Unloading 11 unused Assets to reduce memory usage. Loaded Objects now: 2360.
Total: 2.003932 ms (FindLiveObjects: 0.355399 ms CreateObjectMapping: 0.054866 ms MarkObjects: 1.527161 ms  DeleteObjects: 0.065831 ms)

========================================================================
Received Prepare
Registering precompiled user dll's ...
Registered in 0.000544 seconds.
Begin MonoManager ReloadAssembly
Native extension for OSXStandalone target not found
Native extension for WebGL target not found
Refreshing native plugins compatible for Editor in 0.41 ms, found 2 plugins.
Preloading 0 native plugins for Editor in 0.00 ms.
Mono: successfully reloaded assembly
- Completed reload, in  0.862 seconds
Platform modules already initialized, skipping
Refreshing native plugins compatible for Editor in 0.29 ms, found 2 plugins.
Preloading 0 native plugins for Editor in 0.00 ms.
Unloading 1805 Unused Serialized files (Serialized files now loaded: 0)
System memory in use before: 176.6 MB.
System memory in use after: 176.6 MB.

Unloading 11 unused Assets to reduce memory usage. Loaded Objects now: 2364.
Total: 1.692110 ms (FindLiveObjects: 0.295158 ms CreateObjectMapping: 0.049910 ms MarkObjects: 1.281418 ms  DeleteObjects: 0.064981 ms)

========================================================================
Received Prepare
Registering precompiled user dll's ...
Registered in 0.000652 seconds.
Begin MonoManager ReloadAssembly
Native extension for OSXStandalone target not found
Native extension for WebGL target not found
Refreshing native plugins compatible for Editor in 0.32 ms, found 2 plugins.
Preloading 0 native plugins for Editor in 0.00 ms.
Mono: successfully reloaded assembly
- Completed reload, in  0.938 seconds
Platform modules already initialized, skipping
Refreshing native plugins compatible for Editor in 0.47 ms, found 2 plugins.
Preloading 0 native plugins for Editor in 0.00 ms.
Unloading 1805 Unused Serialized files (Serialized files now loaded: 0)
System memory in use before: 176.8 MB.
System memory in use after: 176.8 MB.

Unloading 11 unused Assets to reduce memory usage. Loaded Objects now: 2368.
Total: 1.837770 ms (FindLiveObjects: 0.204579 ms CreateObjectMapping: 0.057962 ms MarkObjects: 1.496588 ms  DeleteObjects: 0.077861 ms)

========================================================================
Received Import Request.
  Time since last request: 5509.657767 seconds.
  path: Assets/Scripts/Player/PlayerController.cs
  artifactKey: Guid(80a75dd669a6c48d5bf350f5d906d046) Importer(815301076,1909f56bfc062723c751e8b465ee728b)
Start importing Assets/Scripts/Player/PlayerController.cs using Guid(80a75dd669a6c48d5bf350f5d906d046) Importer(815301076,1909f56bfc062723c751e8b465ee728b)  -> (artifact id: 'd9fa062e5d61ecaef914f04f50585379') in 0.005504 seconds
  Import took 0.008328 seconds .

========================================================================
Received Import Request.
  Time since last request: 0.028622 seconds.
  path: Assets/Scripts/Player/PlayerController.cs
  artifactKey: Guid(80a75dd669a6c48d5bf350f5d906d046) Importer(815301076,1909f56bfc062723c751e8b465ee728b)
Start importing Assets/Scripts/Player/PlayerController.cs using Guid(80a75dd669a6c48d5bf350f5d906d046) Importer(815301076,1909f56bfc062723c751e8b465ee728b)  -> (artifact id: 'd9fa062e5d61ecaef914f04f50585379') in 0.002968 seconds
  Import took 0.006687 seconds .

========================================================================
Received Import Request.
  Time since last request: 167.453831 seconds.
  path: Packages/com.unity.ide.visualstudio
  artifactKey: Guid(9db636ca49aa246019dd93b7c8b689f4) Importer(815301076,1909f56bfc062723c751e8b465ee728b)
Start importing Packages/com.unity.ide.visualstudio using Guid(9db636ca49aa246019dd93b7c8b689f4) Importer(815301076,1909f56bfc062723c751e8b465ee728b)  -> (artifact id: '60325700a0d74868e6a507b0b28a4d30') in 0.001247 seconds
  Import took 0.004370 seconds .

========================================================================
Received Import Request.
  Time since last request: 0.000317 seconds.
  path: Packages/com.unity.ide.visualstudio
  artifactKey: Guid(9db636ca49aa246019dd93b7c8b689f4) Importer(815301076,1909f56bfc062723c751e8b465ee728b)
Start importing Packages/com.unity.ide.visualstudio using Guid(9db636ca49aa246019dd93b7c8b689f4) Importer(815301076,1909f56bfc062723c751e8b465ee728b)  -> (artifact id: '60325700a0d74868e6a507b0b28a4d30') in 0.000965 seconds
  Import took 0.003523 seconds .

========================================================================
Received Import Request.
  Time since last request: 345.718935 seconds.
  path: Packages/com.unity.2d.path
  artifactKey: Guid(b408cb5710d3960a737996681ad0c300) Importer(815301076,1909f56bfc062723c751e8b465ee728b)
Start importing Packages/com.unity.2d.path using Guid(b408cb5710d3960a737996681ad0c300) Importer(815301076,1909f56bfc062723c751e8b465ee728b)  -> (artifact id: 'f796bf7d044014769b1300efe893d965') in 0.001074 seconds
  Import took 0.003929 seconds .

========================================================================
Received Import Request.
  Time since last request: 0.009438 seconds.
  path: Packages/com.unity.2d.path
  artifactKey: Guid(b408cb5710d3960a737996681ad0c300) Importer(815301076,1909f56bfc062723c751e8b465ee728b)
Start importing Packages/com.unity.2d.path using Guid(b408cb5710d3960a737996681ad0c300) Importer(815301076,1909f56bfc062723c751e8b465ee728b)  -> (artifact id: 'f796bf7d044014769b1300efe893d965') in 0.001289 seconds
  Import took 0.004284 seconds .

========================================================================
Received Import Request.
  Time since last request: 232.992904 seconds.
  path: Assets/Scripts/ObjectPooler.cs
  artifactKey: Guid(70f6c03360ba3474e8ac22c363ece0e7) Importer(815301076,1909f56bfc062723c751e8b465ee728b)
Start importing Assets/Scripts/ObjectPooler.cs using Guid(70f6c03360ba3474e8ac22c363ece0e7) Importer(815301076,1909f56bfc062723c751e8b465ee728b)  -> (artifact id: '23c7f9353591fff9d8723b84a2c6a202') in 0.004421 seconds
  Import took 0.007439 seconds .

========================================================================
Received Import Request.
  Time since last request: 75.420862 seconds.
  path: Assets/Scripts/ObjectPooler.cs
  artifactKey: Guid(70f6c03360ba3474e8ac22c363ece0e7) Importer(815301076,1909f56bfc062723c751e8b465ee728b)
Start importing Assets/Scripts/ObjectPooler.cs using Guid(70f6c03360ba3474e8ac22c363ece0e7) Importer(815301076,1909f56bfc062723c751e8b465ee728b)  -> (artifact id: '2283dcc03d83d8ec85b46114f23dbd9f') in 0.040823 seconds
  Import took 0.043769 seconds .

========================================================================
Received Import Request.
  Time since last request: 0.002734 seconds.
  path: Assets/Scripts/ObjectPooler.cs
  artifactKey: Guid(70f6c03360ba3474e8ac22c363ece0e7) Importer(815301076,1909f56bfc062723c751e8b465ee728b)
Start importing Assets/Scripts/ObjectPooler.cs using Guid(70f6c03360ba3474e8ac22c363ece0e7) Importer(815301076,1909f56bfc062723c751e8b465ee728b)  -> (artifact id: '2283dcc03d83d8ec85b46114f23dbd9f') in 0.003163 seconds
  Import took 0.006842 seconds .

========================================================================
Received Prepare
Registering precompiled user dll's ...
Registered in 0.000634 seconds.
Begin MonoManager ReloadAssembly
Native extension for OSXStandalone target not found
Native extension for WebGL target not found
Refreshing native plugins compatible for Editor in 0.34 ms, found 2 plugins.
Preloading 0 native plugins for Editor in 0.00 ms.
Mono: successfully reloaded assembly
- Completed reload, in  0.903 seconds
Platform modules already initialized, skipping
Refreshing native plugins compatible for Editor in 0.28 ms, found 2 plugins.
Preloading 0 native plugins for Editor in 0.00 ms.
Unloading 1806 Unused Serialized files (Serialized files now loaded: 0)
System memory in use before: 177.2 MB.
System memory in use after: 177.2 MB.

Unloading 11 unused Assets to reduce memory usage. Loaded Objects now: 2373.
Total: 2.051579 ms (FindLiveObjects: 0.239627 ms CreateObjectMapping: 0.067071 ms MarkObjects: 1.654863 ms  DeleteObjects: 0.088835 ms)

========================================================================
Received Prepare
Registering precompiled user dll's ...
Registered in 0.000596 seconds.
Begin MonoManager ReloadAssembly
Native extension for OSXStandalone target not found
Native extension for WebGL target not found
Refreshing native plugins compatible for Editor in 0.33 ms, found 2 plugins.
Preloading 0 native plugins for Editor in 0.00 ms.
Mono: successfully reloaded assembly
- Completed reload, in  0.959 seconds
Platform modules already initialized, skipping
Refreshing native plugins compatible for Editor in 0.29 ms, found 2 plugins.
Preloading 0 native plugins for Editor in 0.00 ms.
Unloading 1806 Unused Serialized files (Serialized files now loaded: 0)
System memory in use before: 177.4 MB.
System memory in use after: 177.4 MB.

Unloading 11 unused Assets to reduce memory usage. Loaded Objects now: 2377.
Total: 1.902191 ms (FindLiveObjects: 0.345433 ms CreateObjectMapping: 0.055971 ms MarkObjects: 1.418321 ms  DeleteObjects: 0.081410 ms)

========================================================================
Received Prepare
Registering precompiled user dll's ...
Registered in 0.000595 seconds.
Begin MonoManager ReloadAssembly
Native extension for OSXStandalone target not found
Native extension for WebGL target not found
Refreshing native plugins compatible for Editor in 0.30 ms, found 2 plugins.
Preloading 0 native plugins for Editor in 0.00 ms.
Mono: successfully reloaded assembly
- Completed reload, in  0.960 seconds
Platform modules already initialized, skipping
Refreshing native plugins compatible for Editor in 0.42 ms, found 2 plugins.
Preloading 0 native plugins for Editor in 0.00 ms.
Unloading 1806 Unused Serialized files (Serialized files now loaded: 0)
System memory in use before: 177.6 MB.
System memory in use after: 177.6 MB.

Unloading 11 unused Assets to reduce memory usage. Loaded Objects now: 2381.
Total: 2.072388 ms (FindLiveObjects: 0.219799 ms CreateObjectMapping: 0.064644 ms MarkObjects: 1.704701 ms  DeleteObjects: 0.082344 ms)

